<?xml version="1.0" encoding="UTF-8"?>
<testng-results ignored="0" total="8" passed="8" failed="0" skipped="0">
  <reporter-output>
    <line>
      <![CDATA[Read data from :./config.properties]]>
    </line>
    <line>
      <![CDATA[Open chrome browser in Locally]]>
    </line>
    <line>
      <![CDATA[The given path is :./Excel_Data1.xlsx]]>
    </line>
  </reporter-output>
  <suite started-at="2025-07-15T22:20:52 IST" name="Default suite" finished-at="2025-07-15T22:21:35 IST" duration-ms="43236">
    <groups>
    </groups>
    <test started-at="2025-07-15T22:20:52 IST" name="Default test" finished-at="2025-07-15T22:21:35 IST" duration-ms="43236">
      <class name="scripts.OrangehrmLogin">
        <test-method is-config="true" signature="preCondition(java.lang.String)[pri:0, instance:scripts.OrangehrmLogin@2dc54ad4]" started-at="2025-07-15T22:20:52 IST" name="preCondition" finished-at="2025-07-15T22:21:06 IST" duration-ms="13397" status="PASS">
          <params>
            <param index="0">
              <value>
                <![CDATA[config.properties]]>
              </value>
            </param>
          </params>
          <reporter-output>
            <line>
              <![CDATA[Read data from :./config.properties]]>
            </line>
            <line>
              <![CDATA[Open chrome browser in Locally]]>
            </line>
            <line>
              <![CDATA[The given path is :./Excel_Data1.xlsx]]>
            </line>
          </reporter-output>
        </test-method> <!-- preCondition -->
        <test-method signature="loginScript(java.lang.String,java.lang.String)[pri:0, instance:scripts.OrangehrmLogin@2dc54ad4]" started-at="2025-07-15T22:21:07 IST" name="loginScript" data-provider="getData" finished-at="2025-07-15T22:21:11 IST" duration-ms="3655" status="PASS">
          <params>
            <param index="0">
              <value>
                <![CDATA[1]]>
              </value>
            </param>
            <param index="1">
              <value>
                <![CDATA[Pradeep]]>
              </value>
            </param>
          </params>
          <reporter-output>
          </reporter-output>
        </test-method> <!-- loginScript -->
        <test-method signature="loginScript(java.lang.String,java.lang.String)[pri:0, instance:scripts.OrangehrmLogin@2dc54ad4]" started-at="2025-07-15T22:21:11 IST" name="loginScript" data-provider="getData" finished-at="2025-07-15T22:21:14 IST" duration-ms="3471" status="PASS">
          <params>
            <param index="0">
              <value>
                <![CDATA[2]]>
              </value>
            </param>
            <param index="1">
              <value>
                <![CDATA[Suresh]]>
              </value>
            </param>
          </params>
          <reporter-output>
          </reporter-output>
        </test-method> <!-- loginScript -->
        <test-method signature="loginScript(java.lang.String,java.lang.String)[pri:0, instance:scripts.OrangehrmLogin@2dc54ad4]" started-at="2025-07-15T22:21:14 IST" name="loginScript" data-provider="getData" finished-at="2025-07-15T22:21:18 IST" duration-ms="3566" status="PASS">
          <params>
            <param index="0">
              <value>
                <![CDATA[3]]>
              </value>
            </param>
            <param index="1">
              <value>
                <![CDATA[Prakash]]>
              </value>
            </param>
          </params>
          <reporter-output>
          </reporter-output>
        </test-method> <!-- loginScript -->
        <test-method signature="loginScript(java.lang.String,java.lang.String)[pri:0, instance:scripts.OrangehrmLogin@2dc54ad4]" started-at="2025-07-15T22:21:18 IST" name="loginScript" data-provider="getData" finished-at="2025-07-15T22:21:21 IST" duration-ms="3481" status="PASS">
          <params>
            <param index="0">
              <value>
                <![CDATA[4]]>
              </value>
            </param>
            <param index="1">
              <value>
                <![CDATA[Kamal]]>
              </value>
            </param>
          </params>
          <reporter-output>
          </reporter-output>
        </test-method> <!-- loginScript -->
        <test-method signature="loginScript(java.lang.String,java.lang.String)[pri:0, instance:scripts.OrangehrmLogin@2dc54ad4]" started-at="2025-07-15T22:21:21 IST" name="loginScript" data-provider="getData" finished-at="2025-07-15T22:21:25 IST" duration-ms="3519" status="PASS">
          <params>
            <param index="0">
              <value>
                <![CDATA[5]]>
              </value>
            </param>
            <param index="1">
              <value>
                <![CDATA[Vinod]]>
              </value>
            </param>
          </params>
          <reporter-output>
          </reporter-output>
        </test-method> <!-- loginScript -->
        <test-method signature="loginScript(java.lang.String,java.lang.String)[pri:0, instance:scripts.OrangehrmLogin@2dc54ad4]" started-at="2025-07-15T22:21:25 IST" name="loginScript" data-provider="getData" finished-at="2025-07-15T22:21:28 IST" duration-ms="3447" status="PASS">
          <params>
            <param index="0">
              <value>
                <![CDATA[6]]>
              </value>
            </param>
            <param index="1">
              <value>
                <![CDATA[6]]>
              </value>
            </param>
          </params>
          <reporter-output>
          </reporter-output>
        </test-method> <!-- loginScript -->
        <test-method signature="loginScript(java.lang.String,java.lang.String)[pri:0, instance:scripts.OrangehrmLogin@2dc54ad4]" started-at="2025-07-15T22:21:28 IST" name="loginScript" data-provider="getData" finished-at="2025-07-15T22:21:32 IST" duration-ms="3376" status="PASS">
          <params>
            <param index="0">
              <value>
                <![CDATA[7]]>
              </value>
            </param>
            <param index="1">
              <value>
                <![CDATA[TRUE]]>
              </value>
            </param>
          </params>
          <reporter-output>
          </reporter-output>
        </test-method> <!-- loginScript -->
        <test-method signature="loginScript(java.lang.String,java.lang.String)[pri:0, instance:scripts.OrangehrmLogin@2dc54ad4]" started-at="2025-07-15T22:21:32 IST" name="loginScript" data-provider="getData" finished-at="2025-07-15T22:21:35 IST" duration-ms="3409" status="PASS">
          <params>
            <param index="0">
              <value>
                <![CDATA[8]]>
              </value>
            </param>
            <param index="1">
              <value>
                <![CDATA[123.34]]>
              </value>
            </param>
          </params>
          <reporter-output>
          </reporter-output>
        </test-method> <!-- loginScript -->
        <test-method is-config="true" signature="postCondition()[pri:0, instance:scripts.OrangehrmLogin@2dc54ad4]" started-at="2025-07-15T22:21:35 IST" name="postCondition" finished-at="2025-07-15T22:21:35 IST" duration-ms="248" status="PASS">
          <reporter-output>
          </reporter-output>
        </test-method> <!-- postCondition -->
      </class> <!-- scripts.OrangehrmLogin -->
    </test> <!-- Default test -->
  </suite> <!-- Default suite -->
</testng-results>
