<?xml version="1.0" encoding="UTF-8"?>
<testng-results ignored="0" total="1" passed="1" failed="0" skipped="0">
  <reporter-output>
    <line>
      <![CDATA[Helps to retrieve the data]]>
    </line>
  </reporter-output>
  <suite started-at="2025-07-22T15:00:18 IST" name="Default suite" finished-at="2025-07-22T15:00:18 IST" duration-ms="73">
    <groups>
    </groups>
    <test started-at="2025-07-22T15:00:18 IST" name="Default test" finished-at="2025-07-22T15:00:18 IST" duration-ms="73">
      <class name="scripts.DemoTest">
        <test-method signature="logTerms()[pri:0, instance:scripts.DemoTest@393671df]" started-at="2025-07-22T15:00:18 IST" name="logTerms" finished-at="2025-07-22T15:00:18 IST" duration-ms="20" status="PASS">
          <reporter-output>
            <line>
              <![CDATA[Helps to retrieve the data]]>
            </line>
          </reporter-output>
        </test-method> <!-- logTerms -->
      </class> <!-- scripts.DemoTest -->
    </test> <!-- Default test -->
  </suite> <!-- Default suite -->
</testng-results>
