<?xml version="1.0" encoding="UTF-8"?>
<!-- Generated by org.testng.reporters.JUnitXMLReporter -->
<testsuite ignored="0" hostname="LAPTOP-JF1LPCQE" failures="0" tests="8" name="Default test" time="47.353" errors="0" timestamp="2025-09-20T21:22:48 IST">
  <testcase classname="scripts.OrangehrmLogin" name="loginScript" time="4.027"/>
  <testcase classname="scripts.OrangehrmLogin" name="loginScript" time="3.8"/>
  <testcase classname="scripts.OrangehrmLogin" name="loginScript" time="3.768"/>
  <testcase classname="scripts.OrangehrmLogin" name="loginScript" time="3.652"/>
  <testcase classname="scripts.OrangehrmLogin" name="loginScript" time="3.752"/>
  <testcase classname="scripts.OrangehrmLogin" name="loginScript" time="3.771"/>
  <testcase classname="scripts.OrangehrmLogin" name="loginScript" time="3.817"/>
  <testcase classname="scripts.OrangehrmLogin" name="loginScript" time="3.832"/>
</testsuite> <!-- Default test -->
