<?xml version="1.0" encoding="UTF-8"?>
<!-- Generated by org.testng.reporters.JUnitXMLReporter -->
<testsuite ignored="0" hostname="LAPTOP-JF1LPCQE" failures="0" tests="8" name="TestOrangehrm" time="51.471" errors="0" timestamp="2026-07-25T09:49:38 IST">
  <testcase classname="scripts.OrangehrmLogin" name="loginScript" time="3.494"/>
  <testcase classname="scripts.OrangehrmLogin" name="loginScript" time="3.4"/>
  <testcase classname="scripts.OrangehrmLogin" name="loginScript" time="3.382"/>
  <testcase classname="scripts.OrangehrmLogin" name="loginScript" time="3.358"/>
  <testcase classname="scripts.OrangehrmLogin" name="loginScript" time="3.353"/>
  <testcase classname="scripts.OrangehrmLogin" name="loginScript" time="3.376"/>
  <testcase classname="scripts.OrangehrmLogin" name="loginScript" time="3.379"/>
  <testcase classname="scripts.OrangehrmLogin" name="loginScript" time="3.365"/>
</testsuite> <!-- TestOrangehrm -->
