<?xml version="1.0" encoding="UTF-8"?>
<!-- Generated by org.testng.reporters.JUnitXMLReporter -->
<testsuite ignored="0" hostname="LAPTOP-JF1LPCQE" failures="0" tests="8" name="TestOrangehrm" time="54.658" errors="0" timestamp="2026-07-18T23:09:33 IST">
  <testcase classname="scripts.OrangehrmLogin" name="loginScript" time="3.484"/>
  <testcase classname="scripts.OrangehrmLogin" name="loginScript" time="3.329"/>
  <testcase classname="scripts.OrangehrmLogin" name="loginScript" time="3.263"/>
  <testcase classname="scripts.OrangehrmLogin" name="loginScript" time="3.336"/>
  <testcase classname="scripts.OrangehrmLogin" name="loginScript" time="3.236"/>
  <testcase classname="scripts.OrangehrmLogin" name="loginScript" time="3.301"/>
  <testcase classname="scripts.OrangehrmLogin" name="loginScript" time="3.311"/>
  <testcase classname="scripts.OrangehrmLogin" name="loginScript" time="3.404"/>
</testsuite> <!-- TestOrangehrm -->
