<?xml version="1.0" encoding="UTF-8"?>
<testng-results ignored="0" total="8" passed="8" failed="0" skipped="0">
  <reporter-output>
    <line>
      <![CDATA[Read data from :./qa.properties]]>
    </line>
    <line>
      <![CDATA[Open chrome browser in remote]]>
    </line>
  </reporter-output>
  <suite started-at="2025-09-24T15:37:23 IST" name="Suite" finished-at="2025-09-24T15:38:05 IST" duration-ms="41962">
    <groups>
    </groups>
    <test started-at="2025-09-24T15:37:23 IST" name="TestOrangehrm" finished-at="2025-09-24T15:38:05 IST" duration-ms="41962">
      <class name="scripts.OrangehrmLogin">
        <test-method is-config="true" signature="preCondition(java.lang.String)[pri:0, instance:scripts.OrangehrmLogin@7526515b]" started-at="2025-09-24T15:37:24 IST" name="preCondition" finished-at="2025-09-24T15:37:35 IST" duration-ms="10846" status="PASS">
          <params>
            <param index="0">
              <value>
                <![CDATA[qa.properties]]>
              </value>
            </param>
          </params>
          <reporter-output>
            <line>
              <![CDATA[Read data from :./qa.properties]]>
            </line>
            <line>
              <![CDATA[Open chrome browser in remote]]>
            </line>
          </reporter-output>
        </test-method> <!-- preCondition -->
        <test-method signature="loginScript(java.lang.String,java.lang.String)[pri:0, instance:scripts.OrangehrmLogin@7526515b]" started-at="2025-09-24T15:37:36 IST" name="loginScript" data-provider="getData" finished-at="2025-09-24T15:37:40 IST" duration-ms="3727" status="PASS">
          <params>
            <param index="0">
              <value>
                <![CDATA[1]]>
              </value>
            </param>
            <param index="1">
              <value>
                <![CDATA[Pradeep]]>
              </value>
            </param>
          </params>
          <reporter-output>
          </reporter-output>
        </test-method> <!-- loginScript -->
        <test-method signature="loginScript(java.lang.String,java.lang.String)[pri:0, instance:scripts.OrangehrmLogin@7526515b]" started-at="2025-09-24T15:37:40 IST" name="loginScript" data-provider="getData" finished-at="2025-09-24T15:37:43 IST" duration-ms="3723" status="PASS">
          <params>
            <param index="0">
              <value>
                <![CDATA[2]]>
              </value>
            </param>
            <param index="1">
              <value>
                <![CDATA[Suresh]]>
              </value>
            </param>
          </params>
          <reporter-output>
          </reporter-output>
        </test-method> <!-- loginScript -->
        <test-method signature="loginScript(java.lang.String,java.lang.String)[pri:0, instance:scripts.OrangehrmLogin@7526515b]" started-at="2025-09-24T15:37:43 IST" name="loginScript" data-provider="getData" finished-at="2025-09-24T15:37:47 IST" duration-ms="3380" status="PASS">
          <params>
            <param index="0">
              <value>
                <![CDATA[3]]>
              </value>
            </param>
            <param index="1">
              <value>
                <![CDATA[Prakash]]>
              </value>
            </param>
          </params>
          <reporter-output>
          </reporter-output>
        </test-method> <!-- loginScript -->
        <test-method signature="loginScript(java.lang.String,java.lang.String)[pri:0, instance:scripts.OrangehrmLogin@7526515b]" started-at="2025-09-24T15:37:47 IST" name="loginScript" data-provider="getData" finished-at="2025-09-24T15:37:50 IST" duration-ms="3593" status="PASS">
          <params>
            <param index="0">
              <value>
                <![CDATA[4]]>
              </value>
            </param>
            <param index="1">
              <value>
                <![CDATA[Kamal]]>
              </value>
            </param>
          </params>
          <reporter-output>
          </reporter-output>
        </test-method> <!-- loginScript -->
        <test-method signature="loginScript(java.lang.String,java.lang.String)[pri:0, instance:scripts.OrangehrmLogin@7526515b]" started-at="2025-09-24T15:37:50 IST" name="loginScript" data-provider="getData" finished-at="2025-09-24T15:37:54 IST" duration-ms="3794" status="PASS">
          <params>
            <param index="0">
              <value>
                <![CDATA[5]]>
              </value>
            </param>
            <param index="1">
              <value>
                <![CDATA[Vinod]]>
              </value>
            </param>
          </params>
          <reporter-output>
          </reporter-output>
        </test-method> <!-- loginScript -->
        <test-method signature="loginScript(java.lang.String,java.lang.String)[pri:0, instance:scripts.OrangehrmLogin@7526515b]" started-at="2025-09-24T15:37:54 IST" name="loginScript" data-provider="getData" finished-at="2025-09-24T15:37:58 IST" duration-ms="3598" status="PASS">
          <params>
            <param index="0">
              <value>
                <![CDATA[6]]>
              </value>
            </param>
            <param index="1">
              <value>
                <![CDATA[6]]>
              </value>
            </param>
          </params>
          <reporter-output>
          </reporter-output>
        </test-method> <!-- loginScript -->
        <test-method signature="loginScript(java.lang.String,java.lang.String)[pri:0, instance:scripts.OrangehrmLogin@7526515b]" started-at="2025-09-24T15:37:58 IST" name="loginScript" data-provider="getData" finished-at="2025-09-24T15:38:01 IST" duration-ms="3647" status="PASS">
          <params>
            <param index="0">
              <value>
                <![CDATA[7]]>
              </value>
            </param>
            <param index="1">
              <value>
                <![CDATA[TRUE]]>
              </value>
            </param>
          </params>
          <reporter-output>
          </reporter-output>
        </test-method> <!-- loginScript -->
        <test-method signature="loginScript(java.lang.String,java.lang.String)[pri:0, instance:scripts.OrangehrmLogin@7526515b]" started-at="2025-09-24T15:38:01 IST" name="loginScript" data-provider="getData" finished-at="2025-09-24T15:38:05 IST" duration-ms="3510" status="PASS">
          <params>
            <param index="0">
              <value>
                <![CDATA[8]]>
              </value>
            </param>
            <param index="1">
              <value>
                <![CDATA[123.34]]>
              </value>
            </param>
          </params>
          <reporter-output>
          </reporter-output>
        </test-method> <!-- loginScript -->
        <test-method is-config="true" signature="postCondition()[pri:0, instance:scripts.OrangehrmLogin@7526515b]" started-at="2025-09-24T15:38:05 IST" name="postCondition" finished-at="2025-09-24T15:38:05 IST" duration-ms="133" status="PASS">
          <reporter-output>
          </reporter-output>
        </test-method> <!-- postCondition -->
      </class> <!-- scripts.OrangehrmLogin -->
    </test> <!-- TestOrangehrm -->
  </suite> <!-- Suite -->
</testng-results>
