<?xml version="1.0" encoding="UTF-8"?>
<!-- Generated by org.testng.reporters.JUnitXMLReporter -->
<testsuite ignored="0" hostname="LAPTOP-JF1LPCQE" failures="0" tests="8" name="TestOrangehrm" time="37.137" errors="0" timestamp="2025-07-15T18:01:47 IST">
  <testcase classname="scripts.OrangehrmLogin" name="loginScript" time="4.729"/>
  <testcase classname="scripts.OrangehrmLogin" name="loginScript" time="4.62"/>
  <testcase classname="scripts.OrangehrmLogin" name="loginScript" time="3.304"/>
  <testcase classname="scripts.OrangehrmLogin" name="loginScript" time="3.278"/>
  <testcase classname="scripts.OrangehrmLogin" name="loginScript" time="3.293"/>
  <testcase classname="scripts.OrangehrmLogin" name="loginScript" time="3.28"/>
  <testcase classname="scripts.OrangehrmLogin" name="loginScript" time="3.28"/>
  <testcase classname="scripts.OrangehrmLogin" name="loginScript" time="3.273"/>
</testsuite> <!-- TestOrangehrm -->
