<?xml version="1.0" encoding="UTF-8"?>
<testng-results ignored="0" total="8" passed="8" failed="0" skipped="0">
  <reporter-output>
    <line>
      <![CDATA[Read data from :./qa.properties]]>
    </line>
    <line>
      <![CDATA[Open chrome browser in Locally]]>
    </line>
  </reporter-output>
  <suite started-at="2025-07-22T11:44:33 IST" name="Suite" finished-at="2025-07-22T11:45:09 IST" duration-ms="36924">
    <groups>
    </groups>
    <test started-at="2025-07-22T11:44:33 IST" name="TestOrangehrm" finished-at="2025-07-22T11:45:09 IST" duration-ms="36924">
      <class name="scripts.OrangehrmLogin">
        <test-method is-config="true" signature="preCondition(java.lang.String)[pri:0, instance:scripts.OrangehrmLogin@2dc54ad4]" started-at="2025-07-22T11:44:33 IST" name="preCondition" finished-at="2025-07-22T11:44:40 IST" duration-ms="6839" status="PASS">
          <params>
            <param index="0">
              <value>
                <![CDATA[qa.properties]]>
              </value>
            </param>
          </params>
          <reporter-output>
            <line>
              <![CDATA[Read data from :./qa.properties]]>
            </line>
            <line>
              <![CDATA[Open chrome browser in Locally]]>
            </line>
          </reporter-output>
        </test-method> <!-- preCondition -->
        <test-method signature="loginScript(java.lang.String,java.lang.String)[pri:0, instance:scripts.OrangehrmLogin@2dc54ad4]" started-at="2025-07-22T11:44:40 IST" name="loginScript" data-provider="getData" finished-at="2025-07-22T11:44:45 IST" duration-ms="4463" status="PASS">
          <params>
            <param index="0">
              <value>
                <![CDATA[1]]>
              </value>
            </param>
            <param index="1">
              <value>
                <![CDATA[Pradeep]]>
              </value>
            </param>
          </params>
          <reporter-output>
          </reporter-output>
        </test-method> <!-- loginScript -->
        <test-method signature="loginScript(java.lang.String,java.lang.String)[pri:0, instance:scripts.OrangehrmLogin@2dc54ad4]" started-at="2025-07-22T11:44:45 IST" name="loginScript" data-provider="getData" finished-at="2025-07-22T11:44:48 IST" duration-ms="3459" status="PASS">
          <params>
            <param index="0">
              <value>
                <![CDATA[2]]>
              </value>
            </param>
            <param index="1">
              <value>
                <![CDATA[Suresh]]>
              </value>
            </param>
          </params>
          <reporter-output>
          </reporter-output>
        </test-method> <!-- loginScript -->
        <test-method signature="loginScript(java.lang.String,java.lang.String)[pri:0, instance:scripts.OrangehrmLogin@2dc54ad4]" started-at="2025-07-22T11:44:48 IST" name="loginScript" data-provider="getData" finished-at="2025-07-22T11:44:52 IST" duration-ms="3442" status="PASS">
          <params>
            <param index="0">
              <value>
                <![CDATA[3]]>
              </value>
            </param>
            <param index="1">
              <value>
                <![CDATA[Prakash]]>
              </value>
            </param>
          </params>
          <reporter-output>
          </reporter-output>
        </test-method> <!-- loginScript -->
        <test-method signature="loginScript(java.lang.String,java.lang.String)[pri:0, instance:scripts.OrangehrmLogin@2dc54ad4]" started-at="2025-07-22T11:44:52 IST" name="loginScript" data-provider="getData" finished-at="2025-07-22T11:44:55 IST" duration-ms="3453" status="PASS">
          <params>
            <param index="0">
              <value>
                <![CDATA[4]]>
              </value>
            </param>
            <param index="1">
              <value>
                <![CDATA[Kamal]]>
              </value>
            </param>
          </params>
          <reporter-output>
          </reporter-output>
        </test-method> <!-- loginScript -->
        <test-method signature="loginScript(java.lang.String,java.lang.String)[pri:0, instance:scripts.OrangehrmLogin@2dc54ad4]" started-at="2025-07-22T11:44:55 IST" name="loginScript" data-provider="getData" finished-at="2025-07-22T11:44:59 IST" duration-ms="3445" status="PASS">
          <params>
            <param index="0">
              <value>
                <![CDATA[5]]>
              </value>
            </param>
            <param index="1">
              <value>
                <![CDATA[Vinod]]>
              </value>
            </param>
          </params>
          <reporter-output>
          </reporter-output>
        </test-method> <!-- loginScript -->
        <test-method signature="loginScript(java.lang.String,java.lang.String)[pri:0, instance:scripts.OrangehrmLogin@2dc54ad4]" started-at="2025-07-22T11:44:59 IST" name="loginScript" data-provider="getData" finished-at="2025-07-22T11:45:02 IST" duration-ms="3379" status="PASS">
          <params>
            <param index="0">
              <value>
                <![CDATA[6]]>
              </value>
            </param>
            <param index="1">
              <value>
                <![CDATA[6]]>
              </value>
            </param>
          </params>
          <reporter-output>
          </reporter-output>
        </test-method> <!-- loginScript -->
        <test-method signature="loginScript(java.lang.String,java.lang.String)[pri:0, instance:scripts.OrangehrmLogin@2dc54ad4]" started-at="2025-07-22T11:45:02 IST" name="loginScript" data-provider="getData" finished-at="2025-07-22T11:45:06 IST" duration-ms="3453" status="PASS">
          <params>
            <param index="0">
              <value>
                <![CDATA[7]]>
              </value>
            </param>
            <param index="1">
              <value>
                <![CDATA[TRUE]]>
              </value>
            </param>
          </params>
          <reporter-output>
          </reporter-output>
        </test-method> <!-- loginScript -->
        <test-method signature="loginScript(java.lang.String,java.lang.String)[pri:0, instance:scripts.OrangehrmLogin@2dc54ad4]" started-at="2025-07-22T11:45:06 IST" name="loginScript" data-provider="getData" finished-at="2025-07-22T11:45:09 IST" duration-ms="3369" status="PASS">
          <params>
            <param index="0">
              <value>
                <![CDATA[8]]>
              </value>
            </param>
            <param index="1">
              <value>
                <![CDATA[123.34]]>
              </value>
            </param>
          </params>
          <reporter-output>
          </reporter-output>
        </test-method> <!-- loginScript -->
        <test-method is-config="true" signature="postCondition()[pri:0, instance:scripts.OrangehrmLogin@2dc54ad4]" started-at="2025-07-22T11:45:09 IST" name="postCondition" finished-at="2025-07-22T11:45:09 IST" duration-ms="469" status="PASS">
          <reporter-output>
          </reporter-output>
        </test-method> <!-- postCondition -->
      </class> <!-- scripts.OrangehrmLogin -->
    </test> <!-- TestOrangehrm -->
  </suite> <!-- Suite -->
</testng-results>
