<?xml version="1.0" encoding="UTF-8"?>
<!-- Generated by org.testng.reporters.JUnitXMLReporter -->
<testsuite ignored="0" hostname="LAPTOP-JF1LPCQE" failures="0" tests="8" name="Default test" time="43.236" errors="0" timestamp="2025-07-15T22:21:35 IST">
  <testcase classname="scripts.OrangehrmLogin" name="loginScript" time="3.655"/>
  <testcase classname="scripts.OrangehrmLogin" name="loginScript" time="3.471"/>
  <testcase classname="scripts.OrangehrmLogin" name="loginScript" time="3.566"/>
  <testcase classname="scripts.OrangehrmLogin" name="loginScript" time="3.481"/>
  <testcase classname="scripts.OrangehrmLogin" name="loginScript" time="3.519"/>
  <testcase classname="scripts.OrangehrmLogin" name="loginScript" time="3.447"/>
  <testcase classname="scripts.OrangehrmLogin" name="loginScript" time="3.376"/>
  <testcase classname="scripts.OrangehrmLogin" name="loginScript" time="3.409"/>
</testsuite> <!-- Default test -->
