<?xml version="1.0" encoding="UTF-8"?>
<!-- Generated by org.testng.reporters.JUnitReportReporter -->
<testsuite hostname="LAPTOP-JF1LPCQE" failures="0" tests="8" name="scripts.OrangehrmLogin" time="27.107" errors="0" timestamp="2026-07-25T09:49:38 IST" skipped="0">
  <testcase classname="scripts.OrangehrmLogin" name="loginScript" time="3.382"/>
  <system-out/>
  <testcase classname="scripts.OrangehrmLogin" name="loginScript" time="3.358"/>
  <system-out/>
  <testcase classname="scripts.OrangehrmLogin" name="loginScript" time="3.353"/>
  <system-out/>
  <testcase classname="scripts.OrangehrmLogin" name="loginScript" time="3.365"/>
  <system-out/>
  <testcase classname="scripts.OrangehrmLogin" name="loginScript" time="3.494"/>
  <system-out/>
  <testcase classname="scripts.OrangehrmLogin" name="loginScript" time="3.376"/>
  <system-out/>
  <testcase classname="scripts.OrangehrmLogin" name="loginScript" time="3.400"/>
  <system-out/>
  <testcase classname="scripts.OrangehrmLogin" name="loginScript" time="3.379"/>
  <system-out/>
</testsuite> <!-- scripts.OrangehrmLogin -->
