<?xml version="1.0" encoding="UTF-8"?>
<!-- Generated by org.testng.reporters.JUnitReportReporter -->
<testsuite hostname="LAPTOP-JF1LPCQE" failures="0" tests="8" name="scripts.OrangehrmLogin" time="26.664" errors="0" timestamp="2026-07-18T23:09:33 IST" skipped="0">
  <testcase classname="scripts.OrangehrmLogin" name="loginScript" time="3.336"/>
  <testcase classname="scripts.OrangehrmLogin" name="loginScript" time="3.263"/>
  <testcase classname="scripts.OrangehrmLogin" name="loginScript" time="3.484"/>
  <testcase classname="scripts.OrangehrmLogin" name="loginScript" time="3.236"/>
  <testcase classname="scripts.OrangehrmLogin" name="loginScript" time="3.404"/>
  <testcase classname="scripts.OrangehrmLogin" name="loginScript" time="3.329"/>
  <testcase classname="scripts.OrangehrmLogin" name="loginScript" time="3.311"/>
  <testcase classname="scripts.OrangehrmLogin" name="loginScript" time="3.301"/>
  <system-out>
    <![CDATA[Read data from :./qa.properties
Open chrome browser in remote]]>
  </system-out>
</testsuite> <!-- scripts.OrangehrmLogin -->
