<?xml version="1.0" encoding="UTF-8"?>
<!-- Generated by org.testng.reporters.JUnitReportReporter -->
<testsuite hostname="LAPTOP-JF1LPCQE" failures="0" tests="8" name="scripts.OrangehrmLogin" time="28.972" errors="0" timestamp="2025-09-24T15:38:06 IST" skipped="0">
  <testcase classname="scripts.OrangehrmLogin" name="loginScript" time="3.380"/>
  <testcase classname="scripts.OrangehrmLogin" name="loginScript" time="3.598"/>
  <testcase classname="scripts.OrangehrmLogin" name="loginScript" time="3.593"/>
  <testcase classname="scripts.OrangehrmLogin" name="loginScript" time="3.794"/>
  <testcase classname="scripts.OrangehrmLogin" name="loginScript" time="3.727"/>
  <testcase classname="scripts.OrangehrmLogin" name="loginScript" time="3.723"/>
  <testcase classname="scripts.OrangehrmLogin" name="loginScript" time="3.647"/>
  <testcase classname="scripts.OrangehrmLogin" name="loginScript" time="3.510"/>
  <system-out>
    <![CDATA[Read data from :./qa.properties
Open chrome browser in remote]]>
  </system-out>
</testsuite> <!-- scripts.OrangehrmLogin -->
